<?xml version="1.0" encoding="UTF-8"?>
<!-- Generated by org.testng.reporters.JUnitXMLReporter -->
<testsuite ignored="2" hostname="INBENPPRASULW3" failures="0" tests="12" name="Home Page Test" time="37.512" errors="0" timestamp="2025-03-12T21:07:07 IST">
  <testcase classname="com.qa.sip.tests.HomePageTest" name="homeAddressColumnTest" time="12.95"/>
  <testcase classname="com.qa.sip.tests.HomePageTest" name="homeLogOutBtnTest" time="0.058"/>
  <testcase classname="com.qa.sip.tests.HomePageTest" name="homePageCityColumnTest" time="0.062"/>
  <testcase classname="com.qa.sip.tests.HomePageTest" name="homePageDistributnPrtnerColumnTest" time="0.064"/>
  <testcase classname="com.qa.sip.tests.HomePageTest" name="homePageDivisionCodeColumnTest" time="0.053"/>
  <testcase classname="com.qa.sip.tests.HomePageTest" name="homePageStateColumnTest" time="0.06"/>
  <testcase classname="com.qa.sip.tests.HomePageTest" name="homePageStoreNameColumnTest" time="0.057"/>
  <testcase classname="com.qa.sip.tests.HomePageTest" name="homePageTitleTest" time="0.03"/>
  <testcase classname="com.qa.sip.tests.HomePageTest" name="homePageURLTest" time="0.038"/>
  <testcase classname="com.qa.sip.tests.HomePageTest" name="homePageZipColumnTest" time="0.067"/>
  <testcase classname="com.qa.sip.tests.HomePageTest" name="homeSearchBtnTest" time="0.057"/>
  <testcase classname="com.qa.sip.tests.HomePageTest" name="homeStoreCodeColumnTest" time="0.068"/>
  <testcase classname="com.qa.sip.tests.HomePageTest" name="columnSizeTest" time="0.0">
    <ignored/>
  </testcase> <!-- columnSizeTest -->
  <testcase classname="com.qa.sip.tests.HomePageTest" name="columnNameTest" time="0.0">
    <ignored/>
  </testcase> <!-- columnNameTest -->
</testsuite> <!-- Home Page Test -->
