<?xml version="1.0" encoding="UTF-8"?>
<!-- Generated by org.testng.reporters.JUnitXMLReporter -->
<testsuite ignored="2" hostname="INBENPPRASULW3" failures="0" tests="12" name="Home Page Test" time="24.347" errors="0" timestamp="2025-02-12T12:03:02 IST">
  <testcase classname="com.qa.sip.tests.HomePageTest" name="HomeLogOutBtnTest" time="3.782"/>
  <testcase classname="com.qa.sip.tests.HomePageTest" name="HomePageURLTest" time="0.061"/>
  <testcase classname="com.qa.sip.tests.HomePageTest" name="HomeSearchBtnTest" time="0.052"/>
  <testcase classname="com.qa.sip.tests.HomePageTest" name="homeAddressColumnTest" time="0.057"/>
  <testcase classname="com.qa.sip.tests.HomePageTest" name="homePageCityColumnTest" time="0.063"/>
  <testcase classname="com.qa.sip.tests.HomePageTest" name="homePageDistributnPrtnerColumnTest" time="0.056"/>
  <testcase classname="com.qa.sip.tests.HomePageTest" name="homePageDivisionCodeColumnTest" time="0.049"/>
  <testcase classname="com.qa.sip.tests.HomePageTest" name="homePageStateColumnTest" time="0.043"/>
  <testcase classname="com.qa.sip.tests.HomePageTest" name="homePageStoreNameColumnTest" time="0.045"/>
  <testcase classname="com.qa.sip.tests.HomePageTest" name="homePageTitleTest" time="0.025"/>
  <testcase classname="com.qa.sip.tests.HomePageTest" name="homePageZipColumnTest" time="0.044"/>
  <testcase classname="com.qa.sip.tests.HomePageTest" name="homeStoreCodeColumnColumnTest" time="0.047"/>
  <testcase classname="com.qa.sip.tests.HomePageTest" name="ColumnSizeTest" time="0.0">
    <ignored/>
  </testcase> <!-- ColumnSizeTest -->
  <testcase classname="com.qa.sip.tests.HomePageTest" name="ColumnNameTest" time="0.0">
    <ignored/>
  </testcase> <!-- ColumnNameTest -->
</testsuite> <!-- Home Page Test -->
