<?xml version="1.0" encoding="UTF-8"?>
<!-- Generated by org.testng.reporters.JUnitXMLReporter -->
<testsuite ignored="0" hostname="INBENPPRASULW3" failures="0" tests="5" name="Login Page Test" time="37.947" errors="0" timestamp="2025-03-12T21:07:08 IST">
  <testcase classname="com.qa.sip.tests.LoginPageTest" name="TermsOfUseLinkDisplayed" time="5.666"/>
  <testcase classname="com.qa.sip.tests.LoginPageTest" name="isLogoExist" time="0.087"/>
  <testcase classname="com.qa.sip.tests.LoginPageTest" name="loginPageTitleTest" time="0.056"/>
  <testcase classname="com.qa.sip.tests.LoginPageTest" name="loginPageURLTest" time="0.05"/>
  <testcase classname="com.qa.sip.tests.LoginPageTest" name="loginTest" time="15.321"/>
</testsuite> <!-- Login Page Test -->
