<?xml version="1.0" encoding="UTF-8"?>
<!-- Generated by org.testng.reporters.JUnitXMLReporter -->
<testsuite ignored="2" hostname="INBENPPRASULW3" failures="0" tests="12" name="Default test" time="18.877" errors="0" timestamp="2025-02-12T11:37:33 IST">
  <testcase classname="com.qa.sip.tests.HomePageTest" name="HomeLogOutBtnTest" time="2.824"/>
  <testcase classname="com.qa.sip.tests.HomePageTest" name="HomePageURLTest" time="0.013"/>
  <testcase classname="com.qa.sip.tests.HomePageTest" name="HomeSearchBtnTest" time="0.029"/>
  <testcase classname="com.qa.sip.tests.HomePageTest" name="homeAddressColumnTest" time="0.024"/>
  <testcase classname="com.qa.sip.tests.HomePageTest" name="homePageCityColumnTest" time="0.026"/>
  <testcase classname="com.qa.sip.tests.HomePageTest" name="homePageDistributnPrtnerColumnTest" time="0.028"/>
  <testcase classname="com.qa.sip.tests.HomePageTest" name="homePageDivisionCodeColumnTest" time="0.029"/>
  <testcase classname="com.qa.sip.tests.HomePageTest" name="homePageStateColumnTest" time="0.029"/>
  <testcase classname="com.qa.sip.tests.HomePageTest" name="homePageStoreNameColumnTest" time="0.03"/>
  <testcase classname="com.qa.sip.tests.HomePageTest" name="homePageTitleTest" time="0.017"/>
  <testcase classname="com.qa.sip.tests.HomePageTest" name="homePageZipColumnTest" time="0.027"/>
  <testcase classname="com.qa.sip.tests.HomePageTest" name="homeStoreCodeColumnColumnTest" time="0.026"/>
  <testcase classname="com.qa.sip.tests.HomePageTest" name="ColumnSizeTest" time="0.0">
    <ignored/>
  </testcase> <!-- ColumnSizeTest -->
  <testcase classname="com.qa.sip.tests.HomePageTest" name="ColumnNameTest" time="0.0">
    <ignored/>
  </testcase> <!-- ColumnNameTest -->
</testsuite> <!-- Default test -->
