<?xml version="1.0" encoding="UTF-8"?>
<testng-results ignored="0" total="17" passed="17" failed="0" skipped="0">
  <reporter-output>
  </reporter-output>
  <suite started-at="2025-03-12T21:06:30 IST" name="SIP Sanity Test Suite" finished-at="2025-03-12T21:07:08 IST" duration-ms="37949">
    <groups>
    </groups>
    <test started-at="2025-03-12T21:06:30 IST" name="Home Page Test" finished-at="2025-03-12T21:07:07 IST" duration-ms="37512">
      <class name="com.qa.sip.tests.HomePageTest">
        <test-method is-config="true" signature="setup()[pri:0, instance:com.qa.sip.tests.HomePageTest@6ff6efdc]" started-at="2025-03-12T21:06:31 IST" name="setup" finished-at="2025-03-12T21:06:43 IST" duration-ms="12411" status="PASS">
          <reporter-output>
          </reporter-output>
        </test-method> <!-- setup -->
        <test-method is-config="true" signature="homePageSetup()[pri:0, instance:com.qa.sip.tests.HomePageTest@6ff6efdc]" started-at="2025-03-12T21:06:43 IST" name="homePageSetup" finished-at="2025-03-12T21:06:53 IST" depends-on-methods="com.qa.sip.base.baseTestClass.setup" duration-ms="9671" status="PASS">
          <reporter-output>
          </reporter-output>
        </test-method> <!-- homePageSetup -->
        <test-method signature="homeAddressColumnTest()[pri:0, instance:com.qa.sip.tests.HomePageTest@6ff6efdc]" started-at="2025-03-12T21:06:53 IST" name="homeAddressColumnTest" finished-at="2025-03-12T21:07:06 IST" duration-ms="12950" status="PASS">
          <reporter-output>
          </reporter-output>
        </test-method> <!-- homeAddressColumnTest -->
        <test-method signature="homeLogOutBtnTest()[pri:0, instance:com.qa.sip.tests.HomePageTest@6ff6efdc]" started-at="2025-03-12T21:07:06 IST" name="homeLogOutBtnTest" finished-at="2025-03-12T21:07:06 IST" duration-ms="58" status="PASS">
          <reporter-output>
          </reporter-output>
        </test-method> <!-- homeLogOutBtnTest -->
        <test-method signature="homePageCityColumnTest()[pri:0, instance:com.qa.sip.tests.HomePageTest@6ff6efdc]" started-at="2025-03-12T21:07:06 IST" name="homePageCityColumnTest" finished-at="2025-03-12T21:07:06 IST" duration-ms="62" status="PASS">
          <reporter-output>
          </reporter-output>
        </test-method> <!-- homePageCityColumnTest -->
        <test-method signature="homePageDistributnPrtnerColumnTest()[pri:0, instance:com.qa.sip.tests.HomePageTest@6ff6efdc]" started-at="2025-03-12T21:07:06 IST" name="homePageDistributnPrtnerColumnTest" finished-at="2025-03-12T21:07:06 IST" duration-ms="64" status="PASS">
          <reporter-output>
          </reporter-output>
        </test-method> <!-- homePageDistributnPrtnerColumnTest -->
        <test-method signature="homePageDivisionCodeColumnTest()[pri:0, instance:com.qa.sip.tests.HomePageTest@6ff6efdc]" started-at="2025-03-12T21:07:06 IST" name="homePageDivisionCodeColumnTest" finished-at="2025-03-12T21:07:06 IST" duration-ms="53" status="PASS">
          <reporter-output>
          </reporter-output>
        </test-method> <!-- homePageDivisionCodeColumnTest -->
        <test-method signature="homePageStateColumnTest()[pri:0, instance:com.qa.sip.tests.HomePageTest@6ff6efdc]" started-at="2025-03-12T21:07:06 IST" name="homePageStateColumnTest" finished-at="2025-03-12T21:07:06 IST" duration-ms="60" status="PASS">
          <reporter-output>
          </reporter-output>
        </test-method> <!-- homePageStateColumnTest -->
        <test-method signature="homePageStoreNameColumnTest()[pri:0, instance:com.qa.sip.tests.HomePageTest@6ff6efdc]" started-at="2025-03-12T21:07:06 IST" name="homePageStoreNameColumnTest" finished-at="2025-03-12T21:07:06 IST" duration-ms="57" status="PASS">
          <reporter-output>
          </reporter-output>
        </test-method> <!-- homePageStoreNameColumnTest -->
        <test-method signature="homePageTitleTest()[pri:0, instance:com.qa.sip.tests.HomePageTest@6ff6efdc]" started-at="2025-03-12T21:07:06 IST" name="homePageTitleTest" finished-at="2025-03-12T21:07:06 IST" duration-ms="30" status="PASS">
          <reporter-output>
          </reporter-output>
        </test-method> <!-- homePageTitleTest -->
        <test-method signature="homePageURLTest()[pri:0, instance:com.qa.sip.tests.HomePageTest@6ff6efdc]" started-at="2025-03-12T21:07:06 IST" name="homePageURLTest" finished-at="2025-03-12T21:07:06 IST" duration-ms="38" status="PASS">
          <reporter-output>
          </reporter-output>
        </test-method> <!-- homePageURLTest -->
        <test-method signature="homePageZipColumnTest()[pri:0, instance:com.qa.sip.tests.HomePageTest@6ff6efdc]" started-at="2025-03-12T21:07:06 IST" name="homePageZipColumnTest" finished-at="2025-03-12T21:07:06 IST" duration-ms="67" status="PASS">
          <reporter-output>
          </reporter-output>
        </test-method> <!-- homePageZipColumnTest -->
        <test-method signature="homeSearchBtnTest()[pri:0, instance:com.qa.sip.tests.HomePageTest@6ff6efdc]" started-at="2025-03-12T21:07:06 IST" name="homeSearchBtnTest" finished-at="2025-03-12T21:07:07 IST" duration-ms="57" status="PASS">
          <reporter-output>
          </reporter-output>
        </test-method> <!-- homeSearchBtnTest -->
        <test-method signature="homeStoreCodeColumnTest()[pri:0, instance:com.qa.sip.tests.HomePageTest@6ff6efdc]" started-at="2025-03-12T21:07:07 IST" name="homeStoreCodeColumnTest" finished-at="2025-03-12T21:07:07 IST" duration-ms="68" status="PASS">
          <reporter-output>
          </reporter-output>
        </test-method> <!-- homeStoreCodeColumnTest -->
        <test-method is-config="true" signature="tearDown()[pri:0, instance:com.qa.sip.tests.HomePageTest@6ff6efdc]" started-at="2025-03-12T21:07:07 IST" name="tearDown" finished-at="2025-03-12T21:07:07 IST" duration-ms="651" status="PASS">
          <reporter-output>
          </reporter-output>
        </test-method> <!-- tearDown -->
      </class> <!-- com.qa.sip.tests.HomePageTest -->
    </test> <!-- Home Page Test -->
    <test started-at="2025-03-12T21:06:30 IST" name="Login Page Test" finished-at="2025-03-12T21:07:08 IST" duration-ms="37947">
      <class name="com.qa.sip.tests.LoginPageTest">
        <test-method is-config="true" signature="setup()[pri:0, instance:com.qa.sip.tests.LoginPageTest@6a9b9909]" started-at="2025-03-12T21:06:30 IST" name="setup" finished-at="2025-03-12T21:06:46 IST" duration-ms="15895" status="PASS">
          <reporter-output>
          </reporter-output>
        </test-method> <!-- setup -->
        <test-method signature="TermsOfUseLinkDisplayed()[pri:0, instance:com.qa.sip.tests.LoginPageTest@6a9b9909]" started-at="2025-03-12T21:06:46 IST" name="TermsOfUseLinkDisplayed" finished-at="2025-03-12T21:06:51 IST" duration-ms="5666" status="PASS">
          <reporter-output>
          </reporter-output>
        </test-method> <!-- TermsOfUseLinkDisplayed -->
        <test-method signature="isLogoExist()[pri:0, instance:com.qa.sip.tests.LoginPageTest@6a9b9909]" started-at="2025-03-12T21:06:52 IST" name="isLogoExist" finished-at="2025-03-12T21:06:52 IST" duration-ms="87" status="PASS">
          <reporter-output>
          </reporter-output>
        </test-method> <!-- isLogoExist -->
        <test-method signature="loginPageTitleTest()[pri:0, instance:com.qa.sip.tests.LoginPageTest@6a9b9909]" started-at="2025-03-12T21:06:52 IST" name="loginPageTitleTest" finished-at="2025-03-12T21:06:52 IST" duration-ms="56" status="PASS">
          <reporter-output>
          </reporter-output>
        </test-method> <!-- loginPageTitleTest -->
        <test-method signature="loginPageURLTest()[pri:0, instance:com.qa.sip.tests.LoginPageTest@6a9b9909]" started-at="2025-03-12T21:06:52 IST" name="loginPageURLTest" finished-at="2025-03-12T21:06:52 IST" duration-ms="50" status="PASS">
          <reporter-output>
          </reporter-output>
        </test-method> <!-- loginPageURLTest -->
        <test-method signature="loginTest()[pri:2147483647, instance:com.qa.sip.tests.LoginPageTest@6a9b9909]" started-at="2025-03-12T21:06:52 IST" name="loginTest" finished-at="2025-03-12T21:07:07 IST" duration-ms="15321" status="PASS">
          <reporter-output>
          </reporter-output>
        </test-method> <!-- loginTest -->
        <test-method is-config="true" signature="tearDown()[pri:0, instance:com.qa.sip.tests.LoginPageTest@6a9b9909]" started-at="2025-03-12T21:07:07 IST" name="tearDown" finished-at="2025-03-12T21:07:08 IST" duration-ms="629" status="PASS">
          <reporter-output>
          </reporter-output>
        </test-method> <!-- tearDown -->
      </class> <!-- com.qa.sip.tests.LoginPageTest -->
    </test> <!-- Login Page Test -->
  </suite> <!-- SIP Sanity Test Suite -->
</testng-results>
